0 info it worked if it ends with ok
1 verbose cli [ '/usr/bin/nodejs', '/usr/bin/npm', 'i' ]
2 info using npm@1.3.10
3 info using node@v0.10.25
4 verbose readDependencies using package.json deps
5 verbose install where, deps [ '/var/www/html/nuka-carousel',
5 verbose install   [ 'exenv',
5 verbose install     'object-assign',
5 verbose install     'kw-react-tween-state',
5 verbose install     'babel-core',
5 verbose install     'babel-eslint',
5 verbose install     'babel-loader',
5 verbose install     'chai',
5 verbose install     'css-loader',
5 verbose install     'del',
5 verbose install     'eslint',
5 verbose install     'eslint-loader',
5 verbose install     'eslint-plugin-react',
5 verbose install     'gulp',
5 verbose install     'gulp-babel',
5 verbose install     'gulp-eslint',
5 verbose install     'gulp-karma',
5 verbose install     'gulp-open',
5 verbose install     'gulp-util',
5 verbose install     'gulp-webpack',
5 verbose install     'istanbul',
5 verbose install     'istanbul-instrumenter-loader',
5 verbose install     'karma',
5 verbose install     'karma-chrome-launcher',
5 verbose install     'karma-coverage',
5 verbose install     'karma-firefox-launcher',
5 verbose install     'karma-mocha',
5 verbose install     'karma-mocha-reporter',
5 verbose install     'karma-phantomjs-launcher',
5 verbose install     'karma-script-launcher',
5 verbose install     'karma-sinon-chai',
5 verbose install     'karma-webpack',
5 verbose install     'mocha',
5 verbose install     'phantomjs',
5 verbose install     'react',
5 verbose install     'react-addons-test-utils',
5 verbose install     'react-dom',
5 verbose install     'react-hot-loader',
5 verbose install     'sinon',
5 verbose install     'sinon-chai',
5 verbose install     'style-loader',
5 verbose install     'url-loader',
5 verbose install     'webpack',
5 verbose install     'webpack-dev-server' ] ]
6 info preinstall nuka-carousel@2.0.1
7 verbose readDependencies using package.json deps
8 verbose already installed skipping kw-react-tween-state@^0.1.5 /var/www/html/nuka-carousel
9 verbose already installed skipping babel-core@^5.8.25 /var/www/html/nuka-carousel
10 verbose already installed skipping babel-eslint@^4.1.3 /var/www/html/nuka-carousel
11 verbose already installed skipping chai@^3.3.0 /var/www/html/nuka-carousel
12 verbose already installed skipping babel-loader@^5.3.2 /var/www/html/nuka-carousel
13 verbose already installed skipping css-loader@^0.19.0 /var/www/html/nuka-carousel
14 verbose already installed skipping del@^2.0.2 /var/www/html/nuka-carousel
15 verbose already installed skipping eslint@^1.6.0 /var/www/html/nuka-carousel
16 verbose already installed skipping eslint-loader@^1.0.0 /var/www/html/nuka-carousel
17 verbose already installed skipping eslint-plugin-react@^3.5.1 /var/www/html/nuka-carousel
18 verbose already installed skipping gulp-babel@^5.2.1 /var/www/html/nuka-carousel
19 verbose already installed skipping gulp@^3.9.0 /var/www/html/nuka-carousel
20 verbose already installed skipping gulp-eslint@^1.0.0 /var/www/html/nuka-carousel
21 verbose already installed skipping gulp-karma@0.0.5 /var/www/html/nuka-carousel
22 verbose already installed skipping gulp-open@^1.0.0 /var/www/html/nuka-carousel
23 verbose already installed skipping gulp-util@^3.0.6 /var/www/html/nuka-carousel
24 verbose already installed skipping istanbul@^0.3.22 /var/www/html/nuka-carousel
25 verbose already installed skipping gulp-webpack@^1.5.0 /var/www/html/nuka-carousel
26 verbose already installed skipping istanbul-instrumenter-loader@^0.1.3 /var/www/html/nuka-carousel
27 verbose already installed skipping karma@^0.13.10 /var/www/html/nuka-carousel
28 verbose already installed skipping karma-chrome-launcher@^0.2.1 /var/www/html/nuka-carousel
29 verbose already installed skipping karma-coverage@^0.5.2 /var/www/html/nuka-carousel
30 verbose already installed skipping karma-mocha@^0.2.0 /var/www/html/nuka-carousel
31 verbose already installed skipping karma-firefox-launcher@^0.1.6 /var/www/html/nuka-carousel
32 verbose already installed skipping karma-mocha-reporter@^1.1.1 /var/www/html/nuka-carousel
33 verbose already installed skipping karma-phantomjs-launcher@^0.2.1 /var/www/html/nuka-carousel
34 verbose already installed skipping karma-script-launcher@~0.1.0 /var/www/html/nuka-carousel
35 verbose already installed skipping karma-sinon-chai@^1.1.0 /var/www/html/nuka-carousel
36 verbose already installed skipping mocha@^2.3.3 /var/www/html/nuka-carousel
37 verbose already installed skipping karma-webpack@^1.7.0 /var/www/html/nuka-carousel
38 verbose already installed skipping phantomjs@^1.9.18 /var/www/html/nuka-carousel
39 verbose already installed skipping react@^15.0.1 /var/www/html/nuka-carousel
40 verbose already installed skipping react-addons-test-utils@^15.0.1 /var/www/html/nuka-carousel
41 verbose already installed skipping react-dom@^15.0.1 /var/www/html/nuka-carousel
42 verbose already installed skipping sinon@^1.17.1 /var/www/html/nuka-carousel
43 verbose already installed skipping react-hot-loader@^1.3.0 /var/www/html/nuka-carousel
44 verbose already installed skipping sinon-chai@^2.8.0 /var/www/html/nuka-carousel
45 verbose already installed skipping style-loader@^0.12.4 /var/www/html/nuka-carousel
46 verbose already installed skipping url-loader@^0.5.6 /var/www/html/nuka-carousel
47 verbose already installed skipping webpack@^1.12.2 /var/www/html/nuka-carousel
48 verbose already installed skipping webpack-dev-server@^1.12.0 /var/www/html/nuka-carousel
49 verbose already installed skipping exenv@^1.2.0 /var/www/html/nuka-carousel
50 verbose already installed skipping object-assign@^4.0.1 /var/www/html/nuka-carousel
51 silly resolved []
52 info build /var/www/html/nuka-carousel
53 verbose linkStuff [ false, false, false, '/var/www/html' ]
54 info linkStuff nuka-carousel@2.0.1
55 verbose linkBins nuka-carousel@2.0.1
56 verbose linkMans nuka-carousel@2.0.1
57 verbose rebuildBundles nuka-carousel@2.0.1
58 verbose rebuildBundles [ '.bin',
58 verbose rebuildBundles   'babel-core',
58 verbose rebuildBundles   'babel-eslint',
58 verbose rebuildBundles   'babel-loader',
58 verbose rebuildBundles   'chai',
58 verbose rebuildBundles   'css-loader',
58 verbose rebuildBundles   'del',
58 verbose rebuildBundles   'eslint',
58 verbose rebuildBundles   'eslint-loader',
58 verbose rebuildBundles   'eslint-plugin-react',
58 verbose rebuildBundles   'exenv',
58 verbose rebuildBundles   'file-loader',
58 verbose rebuildBundles   'gulp',
58 verbose rebuildBundles   'gulp-babel',
58 verbose rebuildBundles   'gulp-eslint',
58 verbose rebuildBundles   'gulp-karma',
58 verbose rebuildBundles   'gulp-open',
58 verbose rebuildBundles   'gulp-util',
58 verbose rebuildBundles   'gulp-webpack',
58 verbose rebuildBundles   'istanbul',
58 verbose rebuildBundles   'istanbul-instrumenter-loader',
58 verbose rebuildBundles   'karma',
58 verbose rebuildBundles   'karma-chrome-launcher',
58 verbose rebuildBundles   'karma-coverage',
58 verbose rebuildBundles   'karma-firefox-launcher',
58 verbose rebuildBundles   'karma-mocha',
58 verbose rebuildBundles   'karma-mocha-reporter',
58 verbose rebuildBundles   'karma-phantomjs-launcher',
58 verbose rebuildBundles   'karma-script-launcher',
58 verbose rebuildBundles   'karma-sinon-chai',
58 verbose rebuildBundles   'karma-webpack',
58 verbose rebuildBundles   'kw-react-tween-state',
58 verbose rebuildBundles   'mocha',
58 verbose rebuildBundles   'object-assign',
58 verbose rebuildBundles   'phantomjs',
58 verbose rebuildBundles   'react',
58 verbose rebuildBundles   'react-addons-test-utils',
58 verbose rebuildBundles   'react-dom',
58 verbose rebuildBundles   'react-hot-loader',
58 verbose rebuildBundles   'sinon',
58 verbose rebuildBundles   'sinon-chai',
58 verbose rebuildBundles   'style-loader',
58 verbose rebuildBundles   'url-loader',
58 verbose rebuildBundles   'webpack',
58 verbose rebuildBundles   'webpack-dev-server' ]
59 verbose rebuild bundle /var/www/html/nuka-carousel/node_modules/file-loader
60 info build /var/www/html/nuka-carousel/node_modules/file-loader
61 info preinstall file-loader@0.9.0
62 verbose linkStuff [ false,
62 verbose linkStuff   false,
62 verbose linkStuff   false,
62 verbose linkStuff   '/var/www/html/nuka-carousel/node_modules' ]
63 info linkStuff file-loader@0.9.0
64 verbose linkBins file-loader@0.9.0
65 verbose linkMans file-loader@0.9.0
66 verbose rebuildBundles file-loader@0.9.0
67 verbose rebuildBundles [ 'loader-utils' ]
68 info install file-loader@0.9.0
69 info postinstall file-loader@0.9.0
70 info install nuka-carousel@2.0.1
71 info postinstall nuka-carousel@2.0.1
72 info prepublish nuka-carousel@2.0.1
73 error peerinvalid The package karma does not satisfy its siblings' peerDependencies requirements!
73 error peerinvalid Peer gulp-karma@0.0.5 wants karma@>=0.10 <=0.13
73 error peerinvalid Peer karma-phantomjs-launcher@0.2.3 wants karma@>=0.9
73 error peerinvalid Peer karma-script-launcher@0.1.0 wants karma@>=0.9
74 error System Linux 4.2.0-41-generic
75 error command "/usr/bin/nodejs" "/usr/bin/npm" "i"
76 error cwd /var/www/html/nuka-carousel
77 error node -v v0.10.25
78 error npm -v 1.3.10
79 error code EPEERINVALID
80 verbose exit [ 1, true ]
